<?xml version="1.0" encoding="UTF-8"?>
<!-- Generated by org.testng.reporters.JUnitReportReporter -->
<testsuite hostname="lenovo-PC" failures="0" tests="1" name="driverFactory.AppTest" time="57.348" errors="0" timestamp="22 Apr 2024 14:01:53 GMT" skipped="0">
  <testcase classname="driverFactory.AppTest" name="KickStart" time="57.348"/>
</testsuite> <!-- driverFactory.AppTest -->
