<?xml version="1.0" encoding="UTF-8"?>
<!-- Generated by org.testng.reporters.JUnitReportReporter -->
<testsuite hostname="lenovo-PC" failures="0" tests="1" name="driverFactory.AppTest" time="82.492" errors="0" timestamp="25 Apr 2024 14:53:19 GMT" skipped="0">
  <testcase classname="driverFactory.AppTest" name="KickStart" time="82.492"/>
</testsuite> <!-- driverFactory.AppTest -->
